2023-12-30T11:02:03.659-05:00  INFO 17044 --- [restartedMain] c.s.r.RobotHumanoidApplication           : Starting RobotHumanoidApplication using Java 17.0.9 with PID 17044 (C:\Users\jhuan\OneDrive\Escritorio\JOHAN\Codigos\CodigoJava\robotHumanoidBackend\target\classes started by jhuan in C:\Users\jhuan\OneDrive\Escritorio\JOHAN\Codigos\CodigoJava\robotHumanoidBackend)
2023-12-30T11:02:03.662-05:00  INFO 17044 --- [restartedMain] c.s.r.RobotHumanoidApplication           : No active profile set, falling back to 1 default profile: "default"
2023-12-30T11:02:03.708-05:00  INFO 17044 --- [restartedMain] .e.DevToolsPropertyDefaultsPostProcessor : Devtools property defaults active! Set 'spring.devtools.add-properties' to 'false' to disable
2023-12-30T11:02:03.708-05:00  INFO 17044 --- [restartedMain] .e.DevToolsPropertyDefaultsPostProcessor : For additional web related logging consider setting the 'logging.level.web' property to 'DEBUG'
2023-12-30T11:02:04.361-05:00  INFO 17044 --- [restartedMain] .s.d.r.c.RepositoryConfigurationDelegate : Bootstrapping Spring Data JPA repositories in DEFAULT mode.
2023-12-30T11:02:04.417-05:00  INFO 17044 --- [restartedMain] .s.d.r.c.RepositoryConfigurationDelegate : Finished Spring Data repository scanning in 48 ms. Found 2 JPA repository interfaces.
2023-12-30T11:02:04.949-05:00  INFO 17044 --- [restartedMain] o.s.b.w.embedded.tomcat.TomcatWebServer  : Tomcat initialized with port 8080 (http)
2023-12-30T11:02:04.958-05:00  INFO 17044 --- [restartedMain] o.apache.catalina.core.StandardService   : Starting service [Tomcat]
2023-12-30T11:02:04.959-05:00  INFO 17044 --- [restartedMain] o.apache.catalina.core.StandardEngine    : Starting Servlet engine: [Apache Tomcat/10.1.17]
2023-12-30T11:02:05.003-05:00  INFO 17044 --- [restartedMain] o.a.c.c.C.[Tomcat].[localhost].[/]       : Initializing Spring embedded WebApplicationContext
2023-12-30T11:02:05.003-05:00  INFO 17044 --- [restartedMain] w.s.c.ServletWebServerApplicationContext : Root WebApplicationContext: initialization completed in 1294 ms
2023-12-30T11:02:05.129-05:00  INFO 17044 --- [restartedMain] o.hibernate.jpa.internal.util.LogHelper  : HHH000204: Processing PersistenceUnitInfo [name: default]
2023-12-30T11:02:05.178-05:00  INFO 17044 --- [restartedMain] org.hibernate.Version                    : HHH000412: Hibernate ORM core version 6.4.1.Final
2023-12-30T11:02:05.213-05:00  INFO 17044 --- [restartedMain] o.h.c.internal.RegionFactoryInitiator    : HHH000026: Second-level cache disabled
2023-12-30T11:02:05.414-05:00  INFO 17044 --- [restartedMain] o.s.o.j.p.SpringPersistenceUnitInfo      : No LoadTimeWeaver setup: ignoring JPA class transformer
2023-12-30T11:02:05.438-05:00  INFO 17044 --- [restartedMain] com.zaxxer.hikari.HikariDataSource       : HikariPool-1 - Starting...
2023-12-30T11:02:05.567-05:00  INFO 17044 --- [restartedMain] com.zaxxer.hikari.pool.HikariPool        : HikariPool-1 - Added connection com.mysql.cj.jdbc.ConnectionImpl@179a796
2023-12-30T11:02:05.569-05:00  INFO 17044 --- [restartedMain] com.zaxxer.hikari.HikariDataSource       : HikariPool-1 - Start completed.
2023-12-30T11:02:05.613-05:00  WARN 17044 --- [restartedMain] org.hibernate.orm.deprecation            : HHH90000025: MySQLDialect does not need to be specified explicitly using 'hibernate.dialect' (remove the property setting and it will be selected by default)
2023-12-30T11:02:06.354-05:00  INFO 17044 --- [restartedMain] o.h.e.t.j.p.i.JtaPlatformInitiator       : HHH000489: No JTA platform available (set 'hibernate.transaction.jta.platform' to enable JTA platform integration)
2023-12-30T11:02:06.393-05:00  INFO 17044 --- [restartedMain] j.LocalContainerEntityManagerFactoryBean : Initialized JPA EntityManagerFactory for persistence unit 'default'
2023-12-30T11:02:06.705-05:00  WARN 17044 --- [restartedMain] .s.s.UserDetailsServiceAutoConfiguration : 

Using generated security password: b83305bf-6ea6-4e80-9e2c-4b99dd4bf64e

This generated password is for development use only. Your security configuration must be updated before running your application in production.

2023-12-30T11:02:06.896-05:00  INFO 17044 --- [restartedMain] o.s.s.web.DefaultSecurityFilterChain     : Will secure any request with [org.springframework.security.web.session.DisableEncodeUrlFilter@48b447e9, org.springframework.security.web.context.request.async.WebAsyncManagerIntegrationFilter@386216c9, org.springframework.security.web.context.SecurityContextHolderFilter@3c3efa3c, org.springframework.security.web.header.HeaderWriterFilter@39a0fd3f, org.springframework.web.filter.CorsFilter@65870ca5, org.springframework.security.web.authentication.logout.LogoutFilter@59ee6c8f, org.springframework.security.web.savedrequest.RequestCacheAwareFilter@195073aa, org.springframework.security.web.servletapi.SecurityContextHolderAwareRequestFilter@55584321, org.springframework.security.web.authentication.AnonymousAuthenticationFilter@3a23fe47, org.springframework.security.web.session.SessionManagementFilter@78e8fdb4, org.springframework.security.web.access.ExceptionTranslationFilter@1560847d, org.springframework.security.web.access.intercept.AuthorizationFilter@71d02ed8]
2023-12-30T11:02:07.101-05:00  INFO 17044 --- [restartedMain] o.s.b.d.a.OptionalLiveReloadServer       : LiveReload server is running on port 35729
2023-12-30T11:02:07.136-05:00  INFO 17044 --- [restartedMain] o.s.b.w.embedded.tomcat.TomcatWebServer  : Tomcat started on port 8080 (http) with context path ''
2023-12-30T11:02:07.145-05:00  INFO 17044 --- [restartedMain] c.s.r.RobotHumanoidApplication           : Started RobotHumanoidApplication in 3.92 seconds (process running for 4.58)
2023-12-30T11:02:09.772-05:00  INFO 17044 --- [http-nio-0.0.0.0-8080-exec-1] o.a.c.c.C.[Tomcat].[localhost].[/]       : Initializing Spring DispatcherServlet 'dispatcherServlet'
2023-12-30T11:02:09.773-05:00  INFO 17044 --- [http-nio-0.0.0.0-8080-exec-1] o.s.web.servlet.DispatcherServlet        : Initializing Servlet 'dispatcherServlet'
2023-12-30T11:02:09.774-05:00  INFO 17044 --- [http-nio-0.0.0.0-8080-exec-1] o.s.web.servlet.DispatcherServlet        : Completed initialization in 1 ms
2023-12-30T11:07:38.110-05:00  INFO 17044 --- [File Watcher] rtingClassPathChangeChangedEventListener : Restarting due to 1 class path change (0 additions, 0 deletions, 1 modification)
2023-12-30T11:07:38.130-05:00  INFO 17044 --- [Thread-5] j.LocalContainerEntityManagerFactoryBean : Closing JPA EntityManagerFactory for persistence unit 'default'
2023-12-30T11:07:38.133-05:00  INFO 17044 --- [Thread-5] com.zaxxer.hikari.HikariDataSource       : HikariPool-1 - Shutdown initiated...
2023-12-30T11:07:38.139-05:00  INFO 17044 --- [Thread-5] com.zaxxer.hikari.HikariDataSource       : HikariPool-1 - Shutdown completed.
